________________________________________________________________________

        StateMod                       
        State of Colorado - Water Supply Planning Model     

        Version: 14.01.01
        Last revision date: 2014/09/05

________________________________________________________________________

________________________________________________________________________
  StateM; Response File (*.rsp)                           
     example-0-0.rsp                                                                                                                                                                                                                                                 

________________________________________________________________________
  StateM; Path                                            
     None    
  Getfn; maxfile =           80

________________________________________________________________________
  Getfn; Random input from *.ctl

________________________________________________________________________
  Statem; Option Specified = Simulate  

________________________________________________________________________
  Execut; Execut Option



________________________________________________________________________
  Execut; Response File (*.rsp)                   
     example-0-0.rsp                                                         

________________________________________________________________________
  Datinp; Control File (*.ctl) 

  GetFile; Opening Control                                 *.ctl   
    example-0-0.ctl                                                                                                                                                                                                                                                 

  GetVer; File name    = example-0-0.ctl                                                                                                                                                                                                                                                 
          File version = 0
  STATEMOD                                                                      
  Example 0-0 small test network - base case - no historical diversions         

________________________________________________________________________
  Datinp; 

   ** Monthly Model                            **
   ** Output Unit: af                          **
   ** Wells                                Off **
   ** Instream flow with reaches            On **
   ** Detailed call information            Off **
   ** SJRIP Sediment file (*.sjr)          Off **
   ** Annual time series (*.tsp) file      Off **
   ** Variable efficiency                  Off **
   ** Sprinklers                           Off **
   ** Soil Moisture                        Off **
   ** Significant figures on output                    0 **
  STATEMOD                                                                      
  Example 0-0 small test network - base case - no historical diversions         
  Datinp; 
    iystr      =     1980
    iyend      =     1981
    iresop     =        2
    moneva     =        0
    iopflo     =        1
    numpre     =        0
    numeva     =        0
    interv     =        5
    factor     =    1.984
    rfacto (1) =    1.984
    dfacto (1) =    1.984
    ffacto (1) =    1.984
    cfacto (1) =    1.000
    efacto (1) =    1.000
    pfacto (1) =    1.000
 (1) Note an input value of 0 is effectively equal to 1.0
  Datinp; 
    cyr1       =   WYR
    icondem    =        1
    ichk       =        0
    ireopx     =        0
    ireach     =        1
    icall      =        0
    ccall      = N/A         
    iday       =        0
    idaydem    =        0
    iwell      =        0
    gwmaxrc    =     0.00
    isjrip     =        0
    itsfile    =        0
    ieffmax    =        0
    isprink    =        0
    soild      =     0.00
    isoil      =        0
    isigfig    =        0

________________________________________________________________________
  Datinp; River Network File (*.rin)

  GetFile; Opening River_Network                           *.rin   
    example-0.rin                                                                                                                                                                                                                                                   

  GetVer; File name    = example-0.rin                                                                                                                                                                                                                                                   
          File version = 0

  Datinp; Number of Network Stations (*.rin) =    28
   Datinp; ioutN @ line 1053            0

________________________________________________________________________
  Datinp; Reservoir Station File (*.res)

  GetFile; Opening -1                                      -1      
    -1                                                                                                                                                                                                                                                              

  GetFile; FYI no data provided

  GetRes; Reservoir Station File (*.res) 
  GetRes; FYI no reservoir data provided

________________________________________________________________________
  Datinp; Diversion Station File (*.dds)

  GetFile; Opening -1                                      -1      
    -1                                                                                                                                                                                                                                                              

  GetFile; FYI no data provided

  GetDiv; Number of Diversions       =     0

________________________________________________________________________
  Datinp; River Station File (*.ris)

  GetFile; Opening StreamGage_Station                      *.ris   
    example-0-0.ris                                                                                                                                                                                                                                                 

  GetVer; File name    = example-0-0.ris                                                                                                                                                                                                                                                 
          File version = 0

  Datinp; Number of river stations (*.ris) =    12

________________________________________________________________________
  Datinp; Instream Flow Station File (*.ifs) 

  GetFile; Opening -1                                      -1      
    -1                                                                                                                                                                                                                                                              

  GetFile; FYI no data provided

  Datinp; Number of instream flow stations (*.ifs) =     0

________________________________________________________________________
  Datinp; Well Station File (*.wes) 

  GetFile; Opening -1                                      -1      
    -1                                                                                                                                                                                                                                                              

  GetFile; FYI no data provided

________________________________________________________________________
  Datinp; Plan Station File (*.pln) 

  GetFile; Opening -1                                      -1      
    -1                                                                                                                                                                                                                                                              

  GetFile; FYI no data provided
  Subroutine GetPln           99
  GetPln; FYI no plan data provided

________________________________________________________________________

  GetPln; Number of Plan Types 
    # Type Description                Number
 ____ ____ _________________________ _______
 ____ ____ _________________________ _______
    0   NA Total                           0
  
  GetPln; Number of Plans        =            0

________________________________________________________________________________________________________________________________________________
 GetPln; Plan Return File (*.prf) 

  GetFile; Opening -1                                      -1      
    -1                                                                                                                                                                                                                                                              

  GetFile; FYI no data provided

________________________________________________________________________
  Datinp; River Gage File (*.rig) 

  GetFile; Opening -1                                      -1      
    -1                                                                                                                                                                                                                                                              

  GetFile; FYI no data provided

________________________________________________________________________
  Datinp; River Node Summary

  Number of Inflow nodes                    =    12
  Number of Diversion nodes                 =     0
  Number of Reservoir nodes                 =     0
  Number of Minimum Instream nodes          =     0
  Number of Well nodes Total                =     0
  Number of Supplemental Well nodes =     0
  Number of Sole Source Well nodes  =     0
  Number of Plans                           =     0
  Number of Other nodes (1)                 =    16
  _________________________________________________
  Total of River nodes                      =    28

  (1) May be negative if multiple activities occur at the  same node


 nf          43 nx          38
 nf          44 nx          29
 nf          67 nx          33
   Execut; divchk (af/time step) =    9.99999978E-03           0           0

________________________________________________________________________
  Execut; FYI Reoperation check =      0.010 cfs
                                =      0.615 af/mo

________________________________________________________________________
  Riginp; Instream Flow Right File (*.ifr)    20    1   98
  Ringip; FYI no instream flow rights provided

________________________________________________________________________
  Riginp; Reservoir Right File (*.rer) 
  Ringip; FYI no reservoir right provided

________________________________________________________________________
  Riginp; Direct Diversion Right File (*.ddr) 
  Ringip; FYI no diversion right provided

________________________________________________________________________
  Oprinp; Operational Right File (*.opr) 

  GetFile; Opening -1                                      -1      
    -1                                                                                                                                                                                                                                                              

  GetFile; FYI no data provided

________________________________________________________________________

  Rininp; Water Right Summary

  Number of Diversion Rights       =     0
  Number of Reservoir Rights       =     0
  Number of Instream Rights        =     0
  Number of Operational Rights     =     0
  Number of Well Rights            =     0
  ________________________________________
  Total Water Rights               =     0



________________________________________________________________________
  SetPlanO; Set Plan to Operational Rule Data

________________________________________________________________________
  Mdainp; Precipitation File (*.pra or *.prm)
     -1                                                                                                                                                                                                                                                              
  Chekpor; FYI, A dummy (blank) file determined for 
           file: -1                                                                                                                                                                                                                                                              

________________________________________________________________________
  Mdainp; Evaporation File (*.evm or *.eva) 
     -1                                                                                                                                                                                                                                                              
  Chekpor; FYI, A dummy (blank) file determined for 
           file: -1                                                                                                                                                                                                                                                              

________________________________________________________________________
  Mdainp; Base Streamflow File (*.rim or *.xbm) 
     example-0-0.rim                                                                                                                                                                                                                                                 

  GetVer; File name    = example-0-0.rim                                                                                                                                                                                                                                                 
          File version = 0

  Chekts
   10 1979         9 1981 ACFT  WYR
  Chekts; cyr1X = WYR  
  Chekts; Units provided = ACFT  for file type    3
          Unit Conversion Factor = 1.0 divided by   1.9835
          divided by the number of days in a month.
          StateMod (internally) uses CFS for flow,
          FT for length, and AF for storage.
          Therefore a data value of 500 ACFT is       8.4027  CFS
          for internal calculations (assuming a 30 day month)

________________________________________________________________________
  Mdainp; Direct Flow Demand - Monthly (*.ddm) 
  Mdainp; rec256 -1                                                                                                                                                                                                                                                              
     -1                                                                                                                                                                                                                                                              

________________________________________________________________________
  Mdainp; Instream flow Demand file - Annual (*.ifa) 
     -1                                                                                                                                                                                                                                                              

________________________________________________________________________
  Mdainp; Delay Table File (*.dly or *.urd) 
   Mdainp; Warning no delay (*.dly or *.urd) file provided
  
  Mdainp; Number of delay tables read =     0

________________________________________________________________________
  Mdainp; Reservoir Target Content File (*.tam (*.tar)) 
     -1                                                                                                                                                                                                                                                              

________________________________________________________________________
  Execut; Year =  1980

________________________________________________________________________
  Execut; Year =  1981

________________________________________________________________________
  Execut; On Year  1981 Month SEP  Day    1
          The maximum number of reoperations      1

________________________________________________________________________
  Execut; Performance Info:
    Reoperation switch (ireopx fr *.ctl) =            0
    Reoperation comparison (cfs)         =            0.010
    Reoperation comparison (af/mo)       =            0.595
    Ave reoperations per month           =            1.000
    Ave calls to replace per month       =            0.000

________________________________________________________________________
  Execut; Time to Process:
                                         =    0.000 seconds
                                         =    0.000 seconds/year
                                         =    0.000 minutes
                                         =    0.000 minutes/year

________________________________________________________________________
  Execut; Writing reports

________________________________________________________________________
  Execut; Output Request File 2 (*.out or *.xou)  
     -1                                                                      

________________________________________________________________________
  Subroutine OutRes  

________________________________________________________________________
  Subroutine OutDivW 

________________________________________________________________________
  Subroutine OutOpr  

________________________________________________________________________
  Execut; Successful Run output files are:
  
  Diversion output:             *.xdd
  Reservoir output:             *.xre
  Operating Rule Info:          *.xop
  Instream Reach Info:          *.xir
  Structure Summary:            *.xss
  Call (Control) Summary:       *.xca

________________________________________________________________________
  Execut; Time to Process & Report:
                                         =    0.000 seconds
                                         =    0.000 seconds/year
                                         =    0.000 minutes
                                         =    0.000 minutes/year

________________________________________________________________________
  Execut; Successful Termination
