#
# *.xou; Preliminary station request file
#
# Type (e.g. Diversion, StreamGage, Reservoir, InstreamFlow or Well)
# 
Diversion
#
# Parameter (e.g. Total_Supply, Sim_EOM, River_Outflow, ...)
# 
Total_Supply
#
# ID Name Type and Print Code (0=no, 1=yes);
# Note: id = All prints all
#       id = -999 = stop
#       default is to turn on all stream gages (FLO)
#
All



Dem_3        Irrigation Dem 1         DIV     0
Dem_2        Irrigation Dem 2         DIV     0
Dem_1        Municipal Dem 3          DIV     0
Import       Import                   DIV     0
Dem_Test     Dem_Test                 DIV     0
Isf_1        Isf 102000               ISF     0
Res_1        Reservoir_1              RES     0
Riv_10       Exist. Div. & Inflow     FLO     1
Riv_30       Inflow                   FLO     1
Riv_80       USGS Gauge               FLO     1
Riv_20       Intermediate River Node  OTH     0
Riv_25       TmReuse                  OTH     0
Riv_35       Tunnel                   OTH     0
Riv_50       Confluence               OTH     0
Riv_999      End                      OTH     0
Opr_Import   Opr_Import to Dem_3      OPR     0
Opr_TmReuse  Opr_TmReuse              OPR     0
Opr_TmReuse  Opr_TmReuse_Spill        OPR     0
-999        
